procs -----------memory---------- ---swap-- -----io---- -system-- ------cpu-----
 r  b   swpd   free   buff  cache   si   so    bi    bo   in   cs us sy id wa st
 0  0 133888 217508 250024 344140    0    1     9   116  341  324 12  1 87  0  0
 0  0 133888 217648 250024 344144    0    0     0    72  608 1169  3  1 96  0  0
 0  0 133888 217680 250024 344144    0    0     0    16  632 1214  5  1 94  0  0
 0  0 133888 217680 250028 344140    0    0     4    44 1085 1905 21  2 77  0  0
 0  0 133888 217712 250028 344148    0    0     0     0  551 1155  2  1 97  0  0
 2  0 133888 209248 250040 344152    0    0     4  1440 1269 2061 44  2 53  1  0
 1  0 133888 200100 250040 344152    0    0     0     0 1078 1975 49  4 47  0  0
 0  0 133888 199480 250044 344148    0    0     0    64 1317 2342 47  4 49  0  0
 0  0 133888 199608 250044 344164    0    0     0     0 1111 2081 41  2 58  0  0
 0  0 133888 199608 250056 344152    0    0     4    64  655 1306  2  1 97  1  0
 0  0 133888 199360 250068 344168    0    0     0    36  689 1304  6  2 93  0  0
 0  0 133888 199360 250076 344160    0    0     0    36  678 1345  4  1 95  0  0
 0  0 133888 199360 250076 344168    0    0     0   240  560 1139  2  1 97  0  0
 0  0 133888 199360 250084 344160    0    0     0   760  578 1216  4  1 95  1  0
 0  0 133888 199360 250084 344168    0    0     0     0  589 1068  3  1 97  0  0
 0  0 133888 199360 250084 344168    0    0     0    20  550 1116  4  1 96  0  0
 0  0 133888 199360 250084 344168    0    0     0     0  469 1022  2  1 98  0  0
 0  0 133888 199360 250084 344168    0    0     0   864  542 1080  3  1 96  1  0
 0  0 133888 199392 250084 344168    0    0     0     0  497 1033  3  1 96  0  0
 0  0 133888 199392 250084 344168    0    0     0     0  490 1023  2  1 97  0  0
 0  0 133888 199392 250084 344168    0    0     4    28  561 1091  5  0 95  0  0
procs -----------memory---------- ---swap-- -----io---- -system-- ------cpu-----
 r  b   swpd   free   buff  cache   si   so    bi    bo   in   cs us sy id wa st
 0  0 133888 199516 250088 344172    0    0     0    20  570 1163  7  1 91  0  0
 0  0 133888 199516 250088 344172    0    0     0    20  561 1119  3  1 97  0  0
 0  0 133888 199516 250100 344164    0    0     0   264  672 1333  3  0 97  0  0
 0  0 133888 199516 250100 344172    0    0     0     0  595 1205  3  0 97  0  0
 0  0 133888 199516 250100 344172    0    0     0    20  608 1218  4  1 95  1  0
 0  0 133888 199548 250100 344172    0    0     0     0  454 1037  4  1 96  0  0
 0  0 133888 199548 250104 344168    0    0     0   192  587 1114  4  1 95  1  0
 0  0 133888 199548 250104 344172    0    0     0     0  510 1044  2  2 96  0  0
 0  0 133888 199548 250120 344156    0    0     0   176  515 1108  4  1 95  1  0
 0  0 133888 199548 250124 344172    0    0     0    20  595 1193  4  1 95  0  0
 0  0 133888 199300 250128 344168    0    0     0    20  581 1230  4  2 95  0  0
 0  0 133888 199300 250128 344172    0    0     0    24  467 1040  2  1 98  0  0
 0  0 133888 199300 250132 344168    0    0     0   264  475 1070  3  1 96  1  0
 0  0 133888 199300 250132 344172    0    0     0     0  522 1080  3  0 97  0  0
 1  0 133888 199300 250136 344168    0    0     0    20  609 1146  3  1 96  0  0
 1  0 133888 199300 250136 344172    0    0     0     0  520 1106  3  0 97  0  0
 0  0 133888 199108 250160 344148    0    0     0   216  642 1192  5  1 94  1  0
 0  0 133888 199108 250160 344172    0    0     0     0  592 1240  3  1 96  0  0
 0  0 133888 199108 250168 344164    0    0     0   204  578 1256  2  1 97  1  0
 4  0 133888 199108 250180 344172    0    0     0    36  656 1200  6  0 94  0  0
 0  0 133888 199116 250184 344168    0    0     0    36  654 1320  4  2 94  1  0
procs -----------memory---------- ---swap-- -----io---- -system-- ------cpu-----
 r  b   swpd   free   buff  cache   si   so    bi    bo   in   cs us sy id wa st
 0  0 133888 199108 250200 344172    0    0     4    80  488 1120  2  2 96  0  0
 0  0 133888 199012 250212 344164    0    0     0  3188  545 1280  4  1 94  0  0
 0  0 133888 199012 250212 344176    0    0     0     0  495 1065  3  1 96  0  0
 0  0 133888 199012 250212 344180    0    0     0    20  612 1216  5  0 95  1  0
 0  0 133888 199044 250212 344180    0    0     0     0  577 1208  2  1 97  0  0
 0  0 133888 199044 250216 344176    0    0     0   176  581 1239  3  0 97  1  0
 0  0 133888 199044 250216 344180    0    0     0    76  579 1200  3  2 96  0  0
 0  0 133888 199044 250216 344180    0    0     0     0  536 1150  3  1 96  0  0
 0  0 133888 199044 250216 344180    0    0     0    20  604 1210  4  1 95  0  0
 0  0 133888 198796 250224 344180    0    0     0    20  564 1165  3  2 96  0  0
 0  0 133888 198796 250224 344180    0    0     0     0  514 1024  3  0 97  0  0
 2  0 133888 198796 250232 344172    0    0     0   240  523 1181  3  2 95  1  0
 0  0 133888 198796 250232 344180    0    0     0     0  547 1088  3  0 97  0  0
 0  0 133888 198796 250236 344176    0    0     0    20  640 1113  4  1 95  1  0
 0  0 133888 198796 250236 344180    0    0     0     0  505 1055  3  0 97  0  0
 0  0 133888 198604 250252 344164    0    0     0   192  577 1092  3  0 96  1  0
 1  0 133888 198636 250252 344180    0    0     0     0  843 1507 16  2 83  0  0
 0  0 133888 198636 250256 344176    0    0     4    56 1284 2199 38  3 60  0  0
